<?xml version="1.0" encoding="UTF-8" ?>
<testsuites>
  <testsuite errors="0" failures="0" hostname="Miles-Fabers-MacBook-Pro.local" id="0" name="ActionControllerSpec" package="com.portfolioaware.j" tests="7" time="15.012" timestamp="2014-09-24T20:13:01">
      <properties />

      <testcase classname="com.portfolioaware.j.ActionControllerSpec" name="Test the index action returns the correct model" time="10.898" />

      <testcase classname="com.portfolioaware.j.ActionControllerSpec" name="Test the create action returns the correct model" time="0.27" />

      <testcase classname="com.portfolioaware.j.ActionControllerSpec" name="Test the save action correctly persists an instance" time="1.437" />

      <testcase classname="com.portfolioaware.j.ActionControllerSpec" name="Test that the show action returns the correct model" time="0.097" />

      <testcase classname="com.portfolioaware.j.ActionControllerSpec" name="Test that the edit action returns the correct model" time="0.092" />

      <testcase classname="com.portfolioaware.j.ActionControllerSpec" name="Test the update action performs an update on a valid domain instance" time="0.297" />

      <testcase classname="com.portfolioaware.j.ActionControllerSpec" name="Test that the delete action deletes an instance if it exists" time="1.742" />

      <system-out><![CDATA[--Output from Test the index action returns the correct model--
--Output from Test the create action returns the correct model--
--Output from Test the save action correctly persists an instance--
--Output from Test that the show action returns the correct model--
--Output from Test that the edit action returns the correct model--
--Output from Test the update action performs an update on a valid domain instance--
--Output from Test that the delete action deletes an instance if it exists--
]]></system-out>

      <system-err><![CDATA[--Output from Test the index action returns the correct model--
--Output from Test the create action returns the correct model--
--Output from Test the save action correctly persists an instance--
--Output from Test that the show action returns the correct model--
--Output from Test that the edit action returns the correct model--
--Output from Test the update action performs an update on a valid domain instance--
--Output from Test that the delete action deletes an instance if it exists--
]]></system-err>

  </testsuite>
  <testsuite errors="0" failures="0" hostname="Miles-Fabers-MacBook-Pro.local" id="1" name="AdminControllerSpec" package="com.portfolioaware.j" tests="7" time="3.413" timestamp="2014-09-24T20:13:16">
      <properties />

      <testcase classname="com.portfolioaware.j.AdminControllerSpec" name="Test the index action returns the correct model" time="0.934" />

      <testcase classname="com.portfolioaware.j.AdminControllerSpec" name="Test the create action returns the correct model" time="0.091" />

      <testcase classname="com.portfolioaware.j.AdminControllerSpec" name="Test the save action correctly persists an instance" time="0.876" />

      <testcase classname="com.portfolioaware.j.AdminControllerSpec" name="Test that the show action returns the correct model" time="0.644" />

      <testcase classname="com.portfolioaware.j.AdminControllerSpec" name="Test that the edit action returns the correct model" time="0.108" />

      <testcase classname="com.portfolioaware.j.AdminControllerSpec" name="Test the update action performs an update on a valid domain instance" time="0.416" />

      <testcase classname="com.portfolioaware.j.AdminControllerSpec" name="Test that the delete action deletes an instance if it exists" time="0.304" />

      <system-out><![CDATA[--Output from Test the index action returns the correct model--
--Output from Test the create action returns the correct model--
--Output from Test the save action correctly persists an instance--
--Output from Test that the show action returns the correct model--
--Output from Test that the edit action returns the correct model--
--Output from Test the update action performs an update on a valid domain instance--
--Output from Test that the delete action deletes an instance if it exists--
]]></system-out>

      <system-err><![CDATA[--Output from Test the index action returns the correct model--
--Output from Test the create action returns the correct model--
--Output from Test the save action correctly persists an instance--
--Output from Test that the show action returns the correct model--
--Output from Test that the edit action returns the correct model--
--Output from Test the update action performs an update on a valid domain instance--
--Output from Test that the delete action deletes an instance if it exists--
]]></system-err>

  </testsuite>
  <testsuite errors="0" failures="0" hostname="Miles-Fabers-MacBook-Pro.local" id="2" name="AlertControllerSpec" package="com.portfolioaware.j" tests="7" time="1.528" timestamp="2014-09-24T20:13:19">
      <properties />

      <testcase classname="com.portfolioaware.j.AlertControllerSpec" name="Test the index action returns the correct model" time="0.515" />

      <testcase classname="com.portfolioaware.j.AlertControllerSpec" name="Test the create action returns the correct model" time="0.061" />

      <testcase classname="com.portfolioaware.j.AlertControllerSpec" name="Test the save action correctly persists an instance" time="0.156" />

      <testcase classname="com.portfolioaware.j.AlertControllerSpec" name="Test that the show action returns the correct model" time="0.08" />

      <testcase classname="com.portfolioaware.j.AlertControllerSpec" name="Test that the edit action returns the correct model" time="0.06" />

      <testcase classname="com.portfolioaware.j.AlertControllerSpec" name="Test the update action performs an update on a valid domain instance" time="0.144" />

      <testcase classname="com.portfolioaware.j.AlertControllerSpec" name="Test that the delete action deletes an instance if it exists" time="0.477" />

      <system-out><![CDATA[--Output from Test the index action returns the correct model--
--Output from Test the create action returns the correct model--
--Output from Test the save action correctly persists an instance--
--Output from Test that the show action returns the correct model--
--Output from Test that the edit action returns the correct model--
--Output from Test the update action performs an update on a valid domain instance--
--Output from Test that the delete action deletes an instance if it exists--
]]></system-out>

      <system-err><![CDATA[--Output from Test the index action returns the correct model--
--Output from Test the create action returns the correct model--
--Output from Test the save action correctly persists an instance--
--Output from Test that the show action returns the correct model--
--Output from Test that the edit action returns the correct model--
--Output from Test the update action performs an update on a valid domain instance--
--Output from Test that the delete action deletes an instance if it exists--
]]></system-err>

  </testsuite>
  <testsuite errors="0" failures="0" hostname="Miles-Fabers-MacBook-Pro.local" id="3" name="ArticleControllerSpec" package="com.portfolioaware.j" tests="7" time="1.493" timestamp="2014-09-24T20:13:21">
      <properties />

      <testcase classname="com.portfolioaware.j.ArticleControllerSpec" name="Test the index action returns the correct model" time="0.45" />

      <testcase classname="com.portfolioaware.j.ArticleControllerSpec" name="Test the create action returns the correct model" time="0.063" />

      <testcase classname="com.portfolioaware.j.ArticleControllerSpec" name="Test the save action correctly persists an instance" time="0.259" />

      <testcase classname="com.portfolioaware.j.ArticleControllerSpec" name="Test that the show action returns the correct model" time="0.08" />

      <testcase classname="com.portfolioaware.j.ArticleControllerSpec" name="Test that the edit action returns the correct model" time="0.079" />

      <testcase classname="com.portfolioaware.j.ArticleControllerSpec" name="Test the update action performs an update on a valid domain instance" time="0.375" />

      <testcase classname="com.portfolioaware.j.ArticleControllerSpec" name="Test that the delete action deletes an instance if it exists" time="0.151" />

      <system-out><![CDATA[--Output from Test the index action returns the correct model--
--Output from Test the create action returns the correct model--
--Output from Test the save action correctly persists an instance--
--Output from Test that the show action returns the correct model--
--Output from Test that the edit action returns the correct model--
--Output from Test the update action performs an update on a valid domain instance--
--Output from Test that the delete action deletes an instance if it exists--
]]></system-out>

      <system-err><![CDATA[--Output from Test the index action returns the correct model--
--Output from Test the create action returns the correct model--
--Output from Test the save action correctly persists an instance--
--Output from Test that the show action returns the correct model--
--Output from Test that the edit action returns the correct model--
--Output from Test the update action performs an update on a valid domain instance--
--Output from Test that the delete action deletes an instance if it exists--
]]></system-err>

  </testsuite>
  <testsuite errors="0" failures="0" hostname="Miles-Fabers-MacBook-Pro.local" id="4" name="AssociateControllerSpec" package="com.portfolioaware.j" tests="7" time="1.948" timestamp="2014-09-24T20:13:22">
      <properties />

      <testcase classname="com.portfolioaware.j.AssociateControllerSpec" name="Test the index action returns the correct model" time="0.499" />

      <testcase classname="com.portfolioaware.j.AssociateControllerSpec" name="Test the create action returns the correct model" time="0.063" />

      <testcase classname="com.portfolioaware.j.AssociateControllerSpec" name="Test the save action correctly persists an instance" time="0.31" />

      <testcase classname="com.portfolioaware.j.AssociateControllerSpec" name="Test that the show action returns the correct model" time="0.312" />

      <testcase classname="com.portfolioaware.j.AssociateControllerSpec" name="Test that the edit action returns the correct model" time="0.23" />

      <testcase classname="com.portfolioaware.j.AssociateControllerSpec" name="Test the update action performs an update on a valid domain instance" time="0.248" />

      <testcase classname="com.portfolioaware.j.AssociateControllerSpec" name="Test that the delete action deletes an instance if it exists" time="0.245" />

      <system-out><![CDATA[--Output from Test the index action returns the correct model--
--Output from Test the create action returns the correct model--
--Output from Test the save action correctly persists an instance--
--Output from Test that the show action returns the correct model--
--Output from Test that the edit action returns the correct model--
--Output from Test the update action performs an update on a valid domain instance--
--Output from Test that the delete action deletes an instance if it exists--
]]></system-out>

      <system-err><![CDATA[--Output from Test the index action returns the correct model--
--Output from Test the create action returns the correct model--
--Output from Test the save action correctly persists an instance--
--Output from Test that the show action returns the correct model--
--Output from Test that the edit action returns the correct model--
--Output from Test the update action performs an update on a valid domain instance--
--Output from Test that the delete action deletes an instance if it exists--
]]></system-err>

  </testsuite>
  <testsuite errors="0" failures="0" hostname="Miles-Fabers-MacBook-Pro.local" id="5" name="AuthorControllerSpec" package="com.portfolioaware.j" tests="7" time="1.572" timestamp="2014-09-24T20:13:24">
      <properties />

      <testcase classname="com.portfolioaware.j.AuthorControllerSpec" name="Test the index action returns the correct model" time="0.439" />

      <testcase classname="com.portfolioaware.j.AuthorControllerSpec" name="Test the create action returns the correct model" time="0.058" />

      <testcase classname="com.portfolioaware.j.AuthorControllerSpec" name="Test the save action correctly persists an instance" time="0.201" />

      <testcase classname="com.portfolioaware.j.AuthorControllerSpec" name="Test that the show action returns the correct model" time="0.094" />

      <testcase classname="com.portfolioaware.j.AuthorControllerSpec" name="Test that the edit action returns the correct model" time="0.058" />

      <testcase classname="com.portfolioaware.j.AuthorControllerSpec" name="Test the update action performs an update on a valid domain instance" time="0.295" />

      <testcase classname="com.portfolioaware.j.AuthorControllerSpec" name="Test that the delete action deletes an instance if it exists" time="0.389" />

      <system-out><![CDATA[--Output from Test the index action returns the correct model--
--Output from Test the create action returns the correct model--
--Output from Test the save action correctly persists an instance--
--Output from Test that the show action returns the correct model--
--Output from Test that the edit action returns the correct model--
--Output from Test the update action performs an update on a valid domain instance--
--Output from Test that the delete action deletes an instance if it exists--
]]></system-out>

      <system-err><![CDATA[--Output from Test the index action returns the correct model--
--Output from Test the create action returns the correct model--
--Output from Test the save action correctly persists an instance--
--Output from Test that the show action returns the correct model--
--Output from Test that the edit action returns the correct model--
--Output from Test the update action performs an update on a valid domain instance--
--Output from Test that the delete action deletes an instance if it exists--
]]></system-err>

  </testsuite>
  <testsuite errors="0" failures="0" hostname="Miles-Fabers-MacBook-Pro.local" id="6" name="ClientControllerSpec" package="com.portfolioaware.j" tests="7" time="2.257" timestamp="2014-09-24T20:13:26">
      <properties />

      <testcase classname="com.portfolioaware.j.ClientControllerSpec" name="Test the index action returns the correct model" time="0.614" />

      <testcase classname="com.portfolioaware.j.ClientControllerSpec" name="Test the create action returns the correct model" time="0.216" />

      <testcase classname="com.portfolioaware.j.ClientControllerSpec" name="Test the save action correctly persists an instance" time="0.259" />

      <testcase classname="com.portfolioaware.j.ClientControllerSpec" name="Test that the show action returns the correct model" time="0.1" />

      <testcase classname="com.portfolioaware.j.ClientControllerSpec" name="Test that the edit action returns the correct model" time="0.097" />

      <testcase classname="com.portfolioaware.j.ClientControllerSpec" name="Test the update action performs an update on a valid domain instance" time="0.274" />

      <testcase classname="com.portfolioaware.j.ClientControllerSpec" name="Test that the delete action deletes an instance if it exists" time="0.659" />

      <system-out><![CDATA[--Output from Test the index action returns the correct model--
--Output from Test the create action returns the correct model--
--Output from Test the save action correctly persists an instance--
--Output from Test that the show action returns the correct model--
--Output from Test that the edit action returns the correct model--
--Output from Test the update action performs an update on a valid domain instance--
--Output from Test that the delete action deletes an instance if it exists--
]]></system-out>

      <system-err><![CDATA[--Output from Test the index action returns the correct model--
--Output from Test the create action returns the correct model--
--Output from Test the save action correctly persists an instance--
--Output from Test that the show action returns the correct model--
--Output from Test that the edit action returns the correct model--
--Output from Test the update action performs an update on a valid domain instance--
--Output from Test that the delete action deletes an instance if it exists--
]]></system-err>

  </testsuite>
  <testsuite errors="0" failures="0" hostname="Miles-Fabers-MacBook-Pro.local" id="7" name="CommentControllerSpec" package="com.portfolioaware.j" tests="7" time="4.558" timestamp="2014-09-24T20:13:28">
      <properties />

      <testcase classname="com.portfolioaware.j.CommentControllerSpec" name="Test the index action returns the correct model" time="0.386" />

      <testcase classname="com.portfolioaware.j.CommentControllerSpec" name="Test the create action returns the correct model" time="0.065" />

      <testcase classname="com.portfolioaware.j.CommentControllerSpec" name="Test the save action correctly persists an instance" time="0.258" />

      <testcase classname="com.portfolioaware.j.CommentControllerSpec" name="Test that the show action returns the correct model" time="0.066" />

      <testcase classname="com.portfolioaware.j.CommentControllerSpec" name="Test that the edit action returns the correct model" time="0.064" />

      <testcase classname="com.portfolioaware.j.CommentControllerSpec" name="Test the update action performs an update on a valid domain instance" time="0.181" />

      <testcase classname="com.portfolioaware.j.CommentControllerSpec" name="Test that the delete action deletes an instance if it exists" time="3.495" />

      <system-out><![CDATA[--Output from Test the index action returns the correct model--
--Output from Test the create action returns the correct model--
--Output from Test the save action correctly persists an instance--
--Output from Test that the show action returns the correct model--
--Output from Test that the edit action returns the correct model--
--Output from Test the update action performs an update on a valid domain instance--
--Output from Test that the delete action deletes an instance if it exists--
]]></system-out>

      <system-err><![CDATA[--Output from Test the index action returns the correct model--
--Output from Test the create action returns the correct model--
--Output from Test the save action correctly persists an instance--
--Output from Test that the show action returns the correct model--
--Output from Test that the edit action returns the correct model--
--Output from Test the update action performs an update on a valid domain instance--
--Output from Test that the delete action deletes an instance if it exists--
]]></system-err>

  </testsuite>
  <testsuite errors="0" failures="0" hostname="Miles-Fabers-MacBook-Pro.local" id="8" name="ContactInfoControllerSpec" package="com.portfolioaware.j" tests="7" time="1.435" timestamp="2014-09-24T20:13:33">
      <properties />

      <testcase classname="com.portfolioaware.j.ContactInfoControllerSpec" name="Test the index action returns the correct model" time="0.324" />

      <testcase classname="com.portfolioaware.j.ContactInfoControllerSpec" name="Test the create action returns the correct model" time="0.08" />

      <testcase classname="com.portfolioaware.j.ContactInfoControllerSpec" name="Test the save action correctly persists an instance" time="0.176" />

      <testcase classname="com.portfolioaware.j.ContactInfoControllerSpec" name="Test that the show action returns the correct model" time="0.053" />

      <testcase classname="com.portfolioaware.j.ContactInfoControllerSpec" name="Test that the edit action returns the correct model" time="0.061" />

      <testcase classname="com.portfolioaware.j.ContactInfoControllerSpec" name="Test the update action performs an update on a valid domain instance" time="0.232" />

      <testcase classname="com.portfolioaware.j.ContactInfoControllerSpec" name="Test that the delete action deletes an instance if it exists" time="0.474" />

      <system-out><![CDATA[--Output from Test the index action returns the correct model--
--Output from Test the create action returns the correct model--
--Output from Test the save action correctly persists an instance--
--Output from Test that the show action returns the correct model--
--Output from Test that the edit action returns the correct model--
--Output from Test the update action performs an update on a valid domain instance--
--Output from Test that the delete action deletes an instance if it exists--
]]></system-out>

      <system-err><![CDATA[--Output from Test the index action returns the correct model--
--Output from Test the create action returns the correct model--
--Output from Test the save action correctly persists an instance--
--Output from Test that the show action returns the correct model--
--Output from Test that the edit action returns the correct model--
--Output from Test the update action performs an update on a valid domain instance--
--Output from Test that the delete action deletes an instance if it exists--
]]></system-err>

  </testsuite>
  <testsuite errors="0" failures="0" hostname="Miles-Fabers-MacBook-Pro.local" id="9" name="CountriesControllerSpec" package="com.portfolioaware.j" tests="7" time="1.281" timestamp="2014-09-24T20:13:34">
      <properties />

      <testcase classname="com.portfolioaware.j.CountriesControllerSpec" name="Test the index action returns the correct model" time="0.351" />

      <testcase classname="com.portfolioaware.j.CountriesControllerSpec" name="Test the create action returns the correct model" time="0.058" />

      <testcase classname="com.portfolioaware.j.CountriesControllerSpec" name="Test the save action correctly persists an instance" time="0.178" />

      <testcase classname="com.portfolioaware.j.CountriesControllerSpec" name="Test that the show action returns the correct model" time="0.064" />

      <testcase classname="com.portfolioaware.j.CountriesControllerSpec" name="Test that the edit action returns the correct model" time="0.086" />

      <testcase classname="com.portfolioaware.j.CountriesControllerSpec" name="Test the update action performs an update on a valid domain instance" time="0.213" />

      <testcase classname="com.portfolioaware.j.CountriesControllerSpec" name="Test that the delete action deletes an instance if it exists" time="0.302" />

      <system-out><![CDATA[--Output from Test the index action returns the correct model--
--Output from Test the create action returns the correct model--
--Output from Test the save action correctly persists an instance--
--Output from Test that the show action returns the correct model--
--Output from Test that the edit action returns the correct model--
--Output from Test the update action performs an update on a valid domain instance--
--Output from Test that the delete action deletes an instance if it exists--
]]></system-out>

      <system-err><![CDATA[--Output from Test the index action returns the correct model--
--Output from Test the create action returns the correct model--
--Output from Test the save action correctly persists an instance--
--Output from Test that the show action returns the correct model--
--Output from Test that the edit action returns the correct model--
--Output from Test the update action performs an update on a valid domain instance--
--Output from Test that the delete action deletes an instance if it exists--
]]></system-err>

  </testsuite>
  <testsuite errors="0" failures="0" hostname="Miles-Fabers-MacBook-Pro.local" id="10" name="CountryControllerSpec" package="com.portfolioaware.j" tests="7" time="2.886" timestamp="2014-09-24T20:13:36">
      <properties />

      <testcase classname="com.portfolioaware.j.CountryControllerSpec" name="Test the index action returns the correct model" time="0.327" />

      <testcase classname="com.portfolioaware.j.CountryControllerSpec" name="Test the create action returns the correct model" time="0.05" />

      <testcase classname="com.portfolioaware.j.CountryControllerSpec" name="Test the save action correctly persists an instance" time="0.153" />

      <testcase classname="com.portfolioaware.j.CountryControllerSpec" name="Test that the show action returns the correct model" time="0.085" />

      <testcase classname="com.portfolioaware.j.CountryControllerSpec" name="Test that the edit action returns the correct model" time="0.072" />

      <testcase classname="com.portfolioaware.j.CountryControllerSpec" name="Test the update action performs an update on a valid domain instance" time="0.244" />

      <testcase classname="com.portfolioaware.j.CountryControllerSpec" name="Test that the delete action deletes an instance if it exists" time="1.919" />

      <system-out><![CDATA[--Output from Test the index action returns the correct model--
--Output from Test the create action returns the correct model--
--Output from Test the save action correctly persists an instance--
--Output from Test that the show action returns the correct model--
--Output from Test that the edit action returns the correct model--
--Output from Test the update action performs an update on a valid domain instance--
--Output from Test that the delete action deletes an instance if it exists--
]]></system-out>

      <system-err><![CDATA[--Output from Test the index action returns the correct model--
--Output from Test the create action returns the correct model--
--Output from Test the save action correctly persists an instance--
--Output from Test that the show action returns the correct model--
--Output from Test that the edit action returns the correct model--
--Output from Test the update action performs an update on a valid domain instance--
--Output from Test that the delete action deletes an instance if it exists--
]]></system-err>

  </testsuite>
  <testsuite errors="0" failures="0" hostname="Miles-Fabers-MacBook-Pro.local" id="11" name="ManagerControllerSpec" package="com.portfolioaware.j" tests="7" time="3.538" timestamp="2014-09-24T20:13:38">
      <properties />

      <testcase classname="com.portfolioaware.j.ManagerControllerSpec" name="Test the index action returns the correct model" time="0.582" />

      <testcase classname="com.portfolioaware.j.ManagerControllerSpec" name="Test the create action returns the correct model" time="0.245" />

      <testcase classname="com.portfolioaware.j.ManagerControllerSpec" name="Test the save action correctly persists an instance" time="0.232" />

      <testcase classname="com.portfolioaware.j.ManagerControllerSpec" name="Test that the show action returns the correct model" time="0.132" />

      <testcase classname="com.portfolioaware.j.ManagerControllerSpec" name="Test that the edit action returns the correct model" time="0.093" />

      <testcase classname="com.portfolioaware.j.ManagerControllerSpec" name="Test the update action performs an update on a valid domain instance" time="1.904" />

      <testcase classname="com.portfolioaware.j.ManagerControllerSpec" name="Test that the delete action deletes an instance if it exists" time="0.312" />

      <system-out><![CDATA[--Output from Test the index action returns the correct model--
--Output from Test the create action returns the correct model--
--Output from Test the save action correctly persists an instance--
--Output from Test that the show action returns the correct model--
--Output from Test that the edit action returns the correct model--
--Output from Test the update action performs an update on a valid domain instance--
--Output from Test that the delete action deletes an instance if it exists--
]]></system-out>

      <system-err><![CDATA[--Output from Test the index action returns the correct model--
--Output from Test the create action returns the correct model--
--Output from Test the save action correctly persists an instance--
--Output from Test that the show action returns the correct model--
--Output from Test that the edit action returns the correct model--
--Output from Test the update action performs an update on a valid domain instance--
--Output from Test that the delete action deletes an instance if it exists--
]]></system-err>

  </testsuite>
  <testsuite errors="0" failures="0" hostname="Miles-Fabers-MacBook-Pro.local" id="12" name="MessageControllerSpec" package="com.portfolioaware.j" tests="7" time="3.548" timestamp="2014-09-24T20:13:42">
      <properties />

      <testcase classname="com.portfolioaware.j.MessageControllerSpec" name="Test the index action returns the correct model" time="0.41" />

      <testcase classname="com.portfolioaware.j.MessageControllerSpec" name="Test the create action returns the correct model" time="0.072" />

      <testcase classname="com.portfolioaware.j.MessageControllerSpec" name="Test the save action correctly persists an instance" time="0.367" />

      <testcase classname="com.portfolioaware.j.MessageControllerSpec" name="Test that the show action returns the correct model" time="0.166" />

      <testcase classname="com.portfolioaware.j.MessageControllerSpec" name="Test that the edit action returns the correct model" time="0.21" />

      <testcase classname="com.portfolioaware.j.MessageControllerSpec" name="Test the update action performs an update on a valid domain instance" time="2.098" />

      <testcase classname="com.portfolioaware.j.MessageControllerSpec" name="Test that the delete action deletes an instance if it exists" time="0.198" />

      <system-out><![CDATA[--Output from Test the index action returns the correct model--
--Output from Test the create action returns the correct model--
--Output from Test the save action correctly persists an instance--
--Output from Test that the show action returns the correct model--
--Output from Test that the edit action returns the correct model--
--Output from Test the update action performs an update on a valid domain instance--
--Output from Test that the delete action deletes an instance if it exists--
]]></system-out>

      <system-err><![CDATA[--Output from Test the index action returns the correct model--
--Output from Test the create action returns the correct model--
--Output from Test the save action correctly persists an instance--
--Output from Test that the show action returns the correct model--
--Output from Test that the edit action returns the correct model--
--Output from Test the update action performs an update on a valid domain instance--
--Output from Test that the delete action deletes an instance if it exists--
]]></system-err>

  </testsuite>
  <testsuite errors="0" failures="0" hostname="Miles-Fabers-MacBook-Pro.local" id="13" name="PortfolioControllerSpec" package="com.portfolioaware.j" tests="7" time="6.774" timestamp="2014-09-24T20:13:46">
      <properties />

      <testcase classname="com.portfolioaware.j.PortfolioControllerSpec" name="Test the index action returns the correct model" time="0.636" />

      <testcase classname="com.portfolioaware.j.PortfolioControllerSpec" name="Test the create action returns the correct model" time="0.076" />

      <testcase classname="com.portfolioaware.j.PortfolioControllerSpec" name="Test the save action correctly persists an instance" time="0.944" />

      <testcase classname="com.portfolioaware.j.PortfolioControllerSpec" name="Test that the show action returns the correct model" time="2.641" />

      <testcase classname="com.portfolioaware.j.PortfolioControllerSpec" name="Test that the edit action returns the correct model" time="0.203" />

      <testcase classname="com.portfolioaware.j.PortfolioControllerSpec" name="Test the update action performs an update on a valid domain instance" time="1.932" />

      <testcase classname="com.portfolioaware.j.PortfolioControllerSpec" name="Test that the delete action deletes an instance if it exists" time="0.307" />

      <system-out><![CDATA[--Output from Test the index action returns the correct model--
--Output from Test the create action returns the correct model--
--Output from Test the save action correctly persists an instance--
--Output from Test that the show action returns the correct model--
--Output from Test that the edit action returns the correct model--
--Output from Test the update action performs an update on a valid domain instance--
--Output from Test that the delete action deletes an instance if it exists--
]]></system-out>

      <system-err><![CDATA[--Output from Test the index action returns the correct model--
--Output from Test the create action returns the correct model--
--Output from Test the save action correctly persists an instance--
--Output from Test that the show action returns the correct model--
--Output from Test that the edit action returns the correct model--
--Output from Test the update action performs an update on a valid domain instance--
--Output from Test that the delete action deletes an instance if it exists--
]]></system-err>

  </testsuite>
  <testsuite errors="0" failures="0" hostname="Miles-Fabers-MacBook-Pro.local" id="14" name="ProfileControllerSpec" package="com.portfolioaware.j" tests="7" time="3.652" timestamp="2014-09-24T20:13:53">
      <properties />

      <testcase classname="com.portfolioaware.j.ProfileControllerSpec" name="Test the index action returns the correct model" time="0.581" />

      <testcase classname="com.portfolioaware.j.ProfileControllerSpec" name="Test the create action returns the correct model" time="0.04" />

      <testcase classname="com.portfolioaware.j.ProfileControllerSpec" name="Test the save action correctly persists an instance" time="0.301" />

      <testcase classname="com.portfolioaware.j.ProfileControllerSpec" name="Test that the show action returns the correct model" time="0.06" />

      <testcase classname="com.portfolioaware.j.ProfileControllerSpec" name="Test that the edit action returns the correct model" time="0.076" />

      <testcase classname="com.portfolioaware.j.ProfileControllerSpec" name="Test the update action performs an update on a valid domain instance" time="2.368" />

      <testcase classname="com.portfolioaware.j.ProfileControllerSpec" name="Test that the delete action deletes an instance if it exists" time="0.19" />

      <system-out><![CDATA[--Output from Test the index action returns the correct model--
--Output from Test the create action returns the correct model--
--Output from Test the save action correctly persists an instance--
--Output from Test that the show action returns the correct model--
--Output from Test that the edit action returns the correct model--
--Output from Test the update action performs an update on a valid domain instance--
--Output from Test that the delete action deletes an instance if it exists--
]]></system-out>

      <system-err><![CDATA[--Output from Test the index action returns the correct model--
--Output from Test the create action returns the correct model--
--Output from Test the save action correctly persists an instance--
--Output from Test that the show action returns the correct model--
--Output from Test that the edit action returns the correct model--
--Output from Test the update action performs an update on a valid domain instance--
--Output from Test that the delete action deletes an instance if it exists--
]]></system-err>

  </testsuite>
  <testsuite errors="0" failures="0" hostname="Miles-Fabers-MacBook-Pro.local" id="15" name="ReviewControllerSpec" package="com.portfolioaware.j" tests="7" time="2.43" timestamp="2014-09-24T20:13:57">
      <properties />

      <testcase classname="com.portfolioaware.j.ReviewControllerSpec" name="Test the index action returns the correct model" time="0.632" />

      <testcase classname="com.portfolioaware.j.ReviewControllerSpec" name="Test the create action returns the correct model" time="0.058" />

      <testcase classname="com.portfolioaware.j.ReviewControllerSpec" name="Test the save action correctly persists an instance" time="0.474" />

      <testcase classname="com.portfolioaware.j.ReviewControllerSpec" name="Test that the show action returns the correct model" time="0.289" />

      <testcase classname="com.portfolioaware.j.ReviewControllerSpec" name="Test that the edit action returns the correct model" time="0.099" />

      <testcase classname="com.portfolioaware.j.ReviewControllerSpec" name="Test the update action performs an update on a valid domain instance" time="0.649" />

      <testcase classname="com.portfolioaware.j.ReviewControllerSpec" name="Test that the delete action deletes an instance if it exists" time="0.196" />

      <system-out><![CDATA[--Output from Test the index action returns the correct model--
--Output from Test the create action returns the correct model--
--Output from Test the save action correctly persists an instance--
--Output from Test that the show action returns the correct model--
--Output from Test that the edit action returns the correct model--
--Output from Test the update action performs an update on a valid domain instance--
--Output from Test that the delete action deletes an instance if it exists--
]]></system-out>

      <system-err><![CDATA[--Output from Test the index action returns the correct model--
--Output from Test the create action returns the correct model--
--Output from Test the save action correctly persists an instance--
--Output from Test that the show action returns the correct model--
--Output from Test that the edit action returns the correct model--
--Output from Test the update action performs an update on a valid domain instance--
--Output from Test that the delete action deletes an instance if it exists--
]]></system-err>

  </testsuite>
  <testsuite errors="0" failures="0" hostname="Miles-Fabers-MacBook-Pro.local" id="16" name="RiskControllerSpec" package="com.portfolioaware.j" tests="7" time="2.255" timestamp="2014-09-24T20:13:59">
      <properties />

      <testcase classname="com.portfolioaware.j.RiskControllerSpec" name="Test the index action returns the correct model" time="0.473" />

      <testcase classname="com.portfolioaware.j.RiskControllerSpec" name="Test the create action returns the correct model" time="0.058" />

      <testcase classname="com.portfolioaware.j.RiskControllerSpec" name="Test the save action correctly persists an instance" time="0.625" />

      <testcase classname="com.portfolioaware.j.RiskControllerSpec" name="Test that the show action returns the correct model" time="0.182" />

      <testcase classname="com.portfolioaware.j.RiskControllerSpec" name="Test that the edit action returns the correct model" time="0.156" />

      <testcase classname="com.portfolioaware.j.RiskControllerSpec" name="Test the update action performs an update on a valid domain instance" time="0.472" />

      <testcase classname="com.portfolioaware.j.RiskControllerSpec" name="Test that the delete action deletes an instance if it exists" time="0.253" />

      <system-out><![CDATA[--Output from Test the index action returns the correct model--
--Output from Test the create action returns the correct model--
--Output from Test the save action correctly persists an instance--
--Output from Test that the show action returns the correct model--
--Output from Test that the edit action returns the correct model--
--Output from Test the update action performs an update on a valid domain instance--
--Output from Test that the delete action deletes an instance if it exists--
]]></system-out>

      <system-err><![CDATA[--Output from Test the index action returns the correct model--
--Output from Test the create action returns the correct model--
--Output from Test the save action correctly persists an instance--
--Output from Test that the show action returns the correct model--
--Output from Test that the edit action returns the correct model--
--Output from Test the update action performs an update on a valid domain instance--
--Output from Test that the delete action deletes an instance if it exists--
]]></system-err>

  </testsuite>
  <testsuite errors="0" failures="3" hostname="Miles-Fabers-MacBook-Pro.local" id="17" name="SearchInfoControllerSpec" package="com.portfolioaware.j" tests="7" time="2.522" timestamp="2014-09-24T20:14:01">
      <properties />

      <testcase classname="com.portfolioaware.j.SearchInfoControllerSpec" name="Test the index action returns the correct model" time="0.359" />

      <testcase classname="com.portfolioaware.j.SearchInfoControllerSpec" name="Test the create action returns the correct model" time="0.056" />

      <testcase classname="com.portfolioaware.j.SearchInfoControllerSpec" name="Test the save action correctly persists an instance" time="1.054">
          <failure message="Condition not satisfied:&#xa;&#xa;model.searchInfoInstance!= null&#xa;|     |                 |&#xa;[:]   null              false&#xa;" type="junit.framework.AssertionFailedError">junit.framework.AssertionFailedError: Condition not satisfied:

model.searchInfoInstance!= null
|     |                 |
[:]   null              false

	at com.portfolioaware.j.SearchInfoControllerSpec.Test the save action correctly persists an instance(SearchInfoControllerSpec.groovy:47)
</failure>

      </testcase>

      <testcase classname="com.portfolioaware.j.SearchInfoControllerSpec" name="Test that the show action returns the correct model" time="0.157" />

      <testcase classname="com.portfolioaware.j.SearchInfoControllerSpec" name="Test that the edit action returns the correct model" time="0.082" />

      <testcase classname="com.portfolioaware.j.SearchInfoControllerSpec" name="Test the update action performs an update on a valid domain instance" time="0.658">
          <failure message="Condition not satisfied:&#xa;&#xa;view == &apos;edit&apos;&#xa;|    |&#xa;null false&#xa;" type="junit.framework.AssertionFailedError">junit.framework.AssertionFailedError: Condition not satisfied:

view == &apos;edit&apos;
|    |
null false

	at com.portfolioaware.j.SearchInfoControllerSpec.Test the update action performs an update on a valid domain instance(SearchInfoControllerSpec.groovy:113)
</failure>

      </testcase>

      <testcase classname="com.portfolioaware.j.SearchInfoControllerSpec" name="Test that the delete action deletes an instance if it exists" time="0.114">
          <failure message="Condition not satisfied:&#xa;&#xa;SearchInfo.count() == 1&#xa;           |       |&#xa;           0       false&#xa;" type="junit.framework.AssertionFailedError">junit.framework.AssertionFailedError: Condition not satisfied:

SearchInfo.count() == 1
           |       |
           0       false

	at com.portfolioaware.j.SearchInfoControllerSpec.Test that the delete action deletes an instance if it exists(SearchInfoControllerSpec.groovy:143)
</failure>

      </testcase>

      <system-out><![CDATA[--Output from Test the index action returns the correct model--
--Output from Test the create action returns the correct model--
--Output from Test the save action correctly persists an instance--
--Output from Test that the show action returns the correct model--
--Output from Test that the edit action returns the correct model--
--Output from Test the update action performs an update on a valid domain instance--
--Output from Test that the delete action deletes an instance if it exists--
]]></system-out>

      <system-err><![CDATA[--Output from Test the index action returns the correct model--
--Output from Test the create action returns the correct model--
--Output from Test the save action correctly persists an instance--
--Output from Test that the show action returns the correct model--
--Output from Test that the edit action returns the correct model--
--Output from Test the update action performs an update on a valid domain instance--
--Output from Test that the delete action deletes an instance if it exists--
]]></system-err>

  </testsuite>
  <testsuite errors="0" failures="0" hostname="Miles-Fabers-MacBook-Pro.local" id="18" name="SuperUserControllerSpec" package="com.portfolioaware.j" tests="7" time="2.411" timestamp="2014-09-24T20:14:04">
      <properties />

      <testcase classname="com.portfolioaware.j.SuperUserControllerSpec" name="Test the index action returns the correct model" time="0.662" />

      <testcase classname="com.portfolioaware.j.SuperUserControllerSpec" name="Test the create action returns the correct model" time="0.073" />

      <testcase classname="com.portfolioaware.j.SuperUserControllerSpec" name="Test the save action correctly persists an instance" time="0.354" />

      <testcase classname="com.portfolioaware.j.SuperUserControllerSpec" name="Test that the show action returns the correct model" time="0.221" />

      <testcase classname="com.portfolioaware.j.SuperUserControllerSpec" name="Test that the edit action returns the correct model" time="0.088" />

      <testcase classname="com.portfolioaware.j.SuperUserControllerSpec" name="Test the update action performs an update on a valid domain instance" time="0.55" />

      <testcase classname="com.portfolioaware.j.SuperUserControllerSpec" name="Test that the delete action deletes an instance if it exists" time="0.374" />

      <system-out><![CDATA[--Output from Test the index action returns the correct model--
--Output from Test the create action returns the correct model--
--Output from Test the save action correctly persists an instance--
--Output from Test that the show action returns the correct model--
--Output from Test that the edit action returns the correct model--
--Output from Test the update action performs an update on a valid domain instance--
--Output from Test that the delete action deletes an instance if it exists--
]]></system-out>

      <system-err><![CDATA[--Output from Test the index action returns the correct model--
--Output from Test the create action returns the correct model--
--Output from Test the save action correctly persists an instance--
--Output from Test that the show action returns the correct model--
--Output from Test that the edit action returns the correct model--
--Output from Test the update action performs an update on a valid domain instance--
--Output from Test that the delete action deletes an instance if it exists--
]]></system-err>

  </testsuite>
  <testsuite errors="0" failures="0" hostname="Miles-Fabers-MacBook-Pro.local" id="19" name="TeamLeaderControllerSpec" package="com.portfolioaware.j" tests="7" time="3.908" timestamp="2014-09-24T20:14:06">
      <properties />

      <testcase classname="com.portfolioaware.j.TeamLeaderControllerSpec" name="Test the index action returns the correct model" time="0.778" />

      <testcase classname="com.portfolioaware.j.TeamLeaderControllerSpec" name="Test the create action returns the correct model" time="0.156" />

      <testcase classname="com.portfolioaware.j.TeamLeaderControllerSpec" name="Test the save action correctly persists an instance" time="1.825" />

      <testcase classname="com.portfolioaware.j.TeamLeaderControllerSpec" name="Test that the show action returns the correct model" time="0.157" />

      <testcase classname="com.portfolioaware.j.TeamLeaderControllerSpec" name="Test that the edit action returns the correct model" time="0.209" />

      <testcase classname="com.portfolioaware.j.TeamLeaderControllerSpec" name="Test the update action performs an update on a valid domain instance" time="0.304" />

      <testcase classname="com.portfolioaware.j.TeamLeaderControllerSpec" name="Test that the delete action deletes an instance if it exists" time="0.429" />

      <system-out><![CDATA[--Output from Test the index action returns the correct model--
--Output from Test the create action returns the correct model--
--Output from Test the save action correctly persists an instance--
--Output from Test that the show action returns the correct model--
--Output from Test that the edit action returns the correct model--
--Output from Test the update action performs an update on a valid domain instance--
--Output from Test that the delete action deletes an instance if it exists--
]]></system-out>

      <system-err><![CDATA[--Output from Test the index action returns the correct model--
--Output from Test the create action returns the correct model--
--Output from Test the save action correctly persists an instance--
--Output from Test that the show action returns the correct model--
--Output from Test that the edit action returns the correct model--
--Output from Test the update action performs an update on a valid domain instance--
--Output from Test that the delete action deletes an instance if it exists--
]]></system-err>

  </testsuite>
  <testsuite errors="0" failures="0" hostname="Miles-Fabers-MacBook-Pro.local" id="20" name="UserControllerSpec" package="com.portfolioaware.j" tests="7" time="1.613" timestamp="2014-09-24T20:14:10">
      <properties />

      <testcase classname="com.portfolioaware.j.UserControllerSpec" name="Test the index action returns the correct model" time="0.317" />

      <testcase classname="com.portfolioaware.j.UserControllerSpec" name="Test the create action returns the correct model" time="0.074" />

      <testcase classname="com.portfolioaware.j.UserControllerSpec" name="Test the save action correctly persists an instance" time="0.169" />

      <testcase classname="com.portfolioaware.j.UserControllerSpec" name="Test that the show action returns the correct model" time="0.203" />

      <testcase classname="com.portfolioaware.j.UserControllerSpec" name="Test that the edit action returns the correct model" time="0.144" />

      <testcase classname="com.portfolioaware.j.UserControllerSpec" name="Test the update action performs an update on a valid domain instance" time="0.518" />

      <testcase classname="com.portfolioaware.j.UserControllerSpec" name="Test that the delete action deletes an instance if it exists" time="0.165" />

      <system-out><![CDATA[--Output from Test the index action returns the correct model--
--Output from Test the create action returns the correct model--
--Output from Test the save action correctly persists an instance--
--Output from Test that the show action returns the correct model--
--Output from Test that the edit action returns the correct model--
--Output from Test the update action performs an update on a valid domain instance--
--Output from Test that the delete action deletes an instance if it exists--
]]></system-out>

      <system-err><![CDATA[--Output from Test the index action returns the correct model--
--Output from Test the create action returns the correct model--
--Output from Test the save action correctly persists an instance--
--Output from Test that the show action returns the correct model--
--Output from Test that the edit action returns the correct model--
--Output from Test the update action performs an update on a valid domain instance--
--Output from Test that the delete action deletes an instance if it exists--
]]></system-err>

  </testsuite>
</testsuites>
