# JRE version: Java(TM) SE Runtime Environment (8.0_05-b13) (build 1.8.0_05-b13)
# Java VM: Java HotSpot(TM) 64-Bit Server VM (25.5-b02 mixed mode bsd-amd64 compressed oops)
Heap:
 PSYoungGen      total 188928K, used 167835K [0x00000007b0000000, 0x00000007c0000000, 0x00000007c0000000)
  eden space 125952K, 95% used [0x00000007b0000000,0x00000007b74e40f0,0x00000007b7b00000)
  from space 62976K, 76% used [0x00000007bc280000,0x00000007bf182cd0,0x00000007c0000000)
  to   space 68096K, 0% used [0x00000007b7b00000,0x00000007b7b00000,0x00000007bbd80000)
 ParOldGen       total 95744K, used 83379K [0x0000000790000000, 0x0000000795d80000, 0x00000007b0000000)
  object space 95744K, 87% used [0x0000000790000000,0x000000079516cd70,0x0000000795d80000)
 Metaspace       used 66062K, capacity 67804K, committed 68040K, reserved 1110016K
  class space    used 7132K, capacity 7653K, committed 7680K, reserved 1048576K
GC Heap History (10 events):
Event: 41.297 GC heap before
{Heap before GC invocations=71 (full 7):
 PSYoungGen      total 217600K, used 217338K [0x00000007b0000000, 0x00000007c0000000, 0x00000007c0000000)
  eden space 193024K, 100% used [0x00000007b0000000,0x00000007bbc80000,0x00000007bbc80000)
  from space 24576K, 98% used [0x00000007bbc80000,0x00000007bd43eb38,0x00000007bd480000)
  to   space 36864K, 0% used [0x00000007bdc00000,0x00000007bdc00000,0x00000007c0000000)
 ParOldGen       total 95744K, used 77747K [0x0000000790000000, 0x0000000795d80000, 0x00000007b0000000)
  object space 95744K, 81% used [0x0000000790000000,0x0000000794bece00,0x0000000795d80000)
 Metaspace       used 60445K, capacity 61796K, committed 62280K, reserved 1105920K
  class space    used 6270K, capacity 6678K, committed 6784K, reserved 1048576K
Event: 41.434 GC heap after
Heap after GC invocations=71 (full 7):
 PSYoungGen      total 215040K, used 33137K [0x00000007b0000000, 0x00000007c0000000, 0x00000007c0000000)
  eden space 178176K, 0% used [0x00000007b0000000,0x00000007b0000000,0x00000007bae00000)
  from space 36864K, 89% used [0x00000007bdc00000,0x00000007bfc5c438,0x00000007c0000000)
  to   space 41984K, 0% used [0x00000007bae00000,0x00000007bae00000,0x00000007bd700000)
 ParOldGen       total 95744K, used 77755K [0x0000000790000000, 0x0000000795d80000, 0x00000007b0000000)
  object space 95744K, 81% used [0x0000000790000000,0x0000000794beee00,0x0000000795d80000)
 Metaspace       used 60445K, capacity 61796K, committed 62280K, reserved 1105920K
  class space    used 6270K, capacity 6678K, committed 6784K, reserved 1048576K
}
Event: 42.901 GC heap before
{Heap before GC invocations=72 (full 7):
 PSYoungGen      total 215040K, used 211313K [0x00000007b0000000, 0x00000007c0000000, 0x00000007c0000000)
  eden space 178176K, 100% used [0x00000007b0000000,0x00000007bae00000,0x00000007bae00000)
  from space 36864K, 89% used [0x00000007bdc00000,0x00000007bfc5c438,0x00000007c0000000)
  to   space 41984K, 0% used [0x00000007bae00000,0x00000007bae00000,0x00000007bd700000)
 ParOldGen       total 95744K, used 77755K [0x0000000790000000, 0x0000000795d80000, 0x00000007b0000000)
  object space 95744K, 81% used [0x0000000790000000,0x0000000794beee00,0x0000000795d80000)
 Metaspace       used 62047K, capacity 63482K, committed 63688K, reserved 1105920K
  class space    used 6504K, capacity 6911K, committed 6912K, reserved 1048576K
Event: 42.987 GC heap after
Heap after GC invocations=72 (full 7):
 PSYoungGen      total 220160K, used 41963K [0x00000007b0000000, 0x00000007c0000000, 0x00000007c0000000)
  eden space 178176K, 0% used [0x00000007b0000000,0x00000007b0000000,0x00000007bae00000)
  from space 41984K, 99% used [0x00000007bae00000,0x00000007bd6fadc8,0x00000007bd700000)
  to   space 41984K, 0% used [0x00000007bd700000,0x00000007bd700000,0x00000007c0000000)
 ParOldGen       total 95744K, used 77820K [0x0000000790000000, 0x0000000795d80000, 0x00000007b0000000)
  object space 95744K, 81% used [0x0000000790000000,0x0000000794bff130,0x0000000795d80000)
 Metaspace       used 62047K, capacity 63482K, committed 63688K, reserved 1105920K
  class space    used 6504K, capacity 6911K, committed 6912K, reserved 1048576K
}
Event: 44.121 GC heap before
{Heap before GC invocations=73 (full 7):
 PSYoungGen      total 220160K, used 220139K [0x00000007b0000000, 0x00000007c0000000, 0x00000007c0000000)
  eden space 178176K, 100% used [0x00000007b0000000,0x00000007bae00000,0x00000007bae00000)
  from space 41984K, 99% used [0x00000007bae00000,0x00000007bd6fadc8,0x00000007bd700000)
  to   space 41984K, 0% used [0x00000007bd700000,0x00000007bd700000,0x00000007c0000000)
 ParOldGen       total 95744K, used 77820K [0x0000000790000000, 0x0000000795d80000, 0x00000007b0000000)
  object space 95744K, 81% used [0x0000000790000000,0x0000000794bff130,0x0000000795d80000)
 Metaspace       used 62915K, capacity 64430K, committed 64712K, reserved 1107968K
  class space    used 6661K, capacity 7130K, committed 7168K, reserved 1048576K
Event: 44.241 GC heap after
Heap after GC invocations=73 (full 7):
 PSYoungGen      total 190464K, used 41957K [0x00000007b0000000, 0x00000007c0000000, 0x00000007c0000000)
  eden space 148480K, 0% used [0x00000007b0000000,0x00000007b0000000,0x00000007b9100000)
  from space 41984K, 99% used [0x00000007bd700000,0x00000007bfff95e8,0x00000007c0000000)
  to   space 56832K, 0% used [0x00000007b9100000,0x00000007b9100000,0x00000007bc880000)
 ParOldGen       total 95744K, used 82891K [0x0000000790000000, 0x0000000795d80000, 0x00000007b0000000)
  object space 95744K, 86% used [0x0000000790000000,0x00000007950f2d50,0x0000000795d80000)
 Metaspace       used 62915K, capacity 64430K, committed 64712K, reserved 1107968K
  class space    used 6661K, capacity 7130K, committed 7168K, reserved 1048576K
}
Event: 45.269 GC heap before
{Heap before GC invocations=74 (full 7):
 PSYoungGen      total 190464K, used 187072K [0x00000007b0000000, 0x00000007c0000000, 0x00000007c0000000)
  eden space 148480K, 97% used [0x00000007b0000000,0x00000007b8db6b28,0x00000007b9100000)
  from space 41984K, 99% used [0x00000007bd700000,0x00000007bfff95e8,0x00000007c0000000)
  to   space 56832K, 0% used [0x00000007b9100000,0x00000007b9100000,0x00000007bc880000)
 ParOldGen       total 95744K, used 82891K [0x0000000790000000, 0x0000000795d80000, 0x00000007b0000000)
  object space 95744K, 86% used [0x0000000790000000,0x00000007950f2d50,0x0000000795d80000)
 Metaspace       used 63980K, capacity 65570K, committed 65608K, reserved 1107968K
  class space    used 6799K, capacity 7267K, committed 7296K, reserved 1048576K
Event: 45.375 GC heap after
Heap after GC invocations=74 (full 7):
 PSYoungGen      total 196096K, used 47206K [0x00000007b0000000, 0x00000007c0000000, 0x00000007c0000000)
  eden space 148480K, 0% used [0x00000007b0000000,0x00000007b0000000,0x00000007b9100000)
  from space 47616K, 99% used [0x00000007b9100000,0x00000007bbf19840,0x00000007bbf80000)
  to   space 62976K, 0% used [0x00000007bc280000,0x00000007bc280000,0x00000007c0000000)
 ParOldGen       total 95744K, used 83371K [0x0000000790000000, 0x0000000795d80000, 0x00000007b0000000)
  object space 95744K, 87% used [0x0000000790000000,0x000000079516ad70,0x0000000795d80000)
 Metaspace       used 63980K, capacity 65570K, committed 65608K, reserved 1107968K
  class space    used 6799K, capacity 7267K, committed 7296K, reserved 1048576K
}
Event: 45.812 GC heap before
{Heap before GC invocations=75 (full 7):
 PSYoungGen      total 196096K, used 195078K [0x00000007b0000000, 0x00000007c0000000, 0x00000007c0000000)
  eden space 148480K, 99% used [0x00000007b0000000,0x00000007b9068138,0x00000007b9100000)
  from space 47616K, 99% used [0x00000007b9100000,0x00000007bbf19840,0x00000007bbf80000)
  to   space 62976K, 0% used [0x00000007bc280000,0x00000007bc280000,0x00000007c0000000)
 ParOldGen       total 95744K, used 83371K [0x0000000790000000, 0x0000000795d80000, 0x00000007b0000000)
  object space 95744K, 87% used [0x0000000790000000,0x000000079516ad70,0x0000000795d80000)
 Metaspace       used 64963K, capacity 66594K, committed 66888K, reserved 1107968K
  class space    used 6982K, capacity 7459K, committed 7552K, reserved 1048576K
Event: 45.922 GC heap after
Heap after GC invocations=75 (full 7):
 PSYoungGen      total 188928K, used 48139K [0x00000007b0000000, 0x00000007c0000000, 0x00000007c0000000)
  eden space 125952K, 0% used [0x00000007b0000000,0x00000007b0000000,0x00000007b7b00000)
  from space 62976K, 76% used [0x00000007bc280000,0x00000007bf182cd0,0x00000007c0000000)
  to   space 68096K, 0% used [0x00000007b7b00000,0x00000007b7b00000,0x00000007bbd80000)
 ParOldGen       total 95744K, used 83379K [0x0000000790000000, 0x0000000795d80000, 0x00000007b0000000)
  object space 95744K, 87% used [0x0000000790000000,0x000000079516cd70,0x0000000795d80000)
 Metaspace       used 64963K, capacity 66594K, committed 66888K, reserved 1107968K
  class space    used 6982K, capacity 7459K, committed 7552K, reserved 1048576K
}

