# JRE version: Java(TM) SE Runtime Environment (8.0_05-b13) (build 1.8.0_05-b13)
# Java VM: Java HotSpot(TM) 64-Bit Server VM (25.5-b02 mixed mode bsd-amd64 compressed oops)
Heap:
 PSYoungGen      total 222720K, used 198298K [0x00000007b0000000, 0x00000007c0000000, 0x00000007c0000000)
  eden space 183296K, 86% used [0x00000007b0000000,0x00000007b9b271d8,0x00000007bb300000)
  from space 39424K, 99% used [0x00000007bb300000,0x00000007bd97f820,0x00000007bd980000)
  to   space 39424K, 0% used [0x00000007bd980000,0x00000007bd980000,0x00000007c0000000)
 ParOldGen       total 96768K, used 80937K [0x0000000790000000, 0x0000000795e80000, 0x00000007b0000000)
  object space 96768K, 83% used [0x0000000790000000,0x0000000794f0a5a8,0x0000000795e80000)
 Metaspace       used 63006K, capacity 64512K, committed 64768K, reserved 1107968K
  class space    used 6674K, capacity 7142K, committed 7168K, reserved 1048576K
GC Heap History (10 events):
Event: 49.647 GC heap before
{Heap before GC invocations=61 (full 6):
 PSYoungGen      total 224768K, used 195888K [0x00000007b0000000, 0x00000007bfa80000, 0x00000007c0000000)
  eden space 192512K, 97% used [0x00000007b0000000,0x00000007bb6b4168,0x00000007bbc00000)
  from space 32256K, 27% used [0x00000007bdb00000,0x00000007be398000,0x00000007bfa80000)
  to   space 31744K, 0% used [0x00000007bbc00000,0x00000007bbc00000,0x00000007bdb00000)
 ParOldGen       total 96768K, used 78457K [0x0000000790000000, 0x0000000795e80000, 0x00000007b0000000)
  object space 96768K, 81% used [0x0000000790000000,0x0000000794c9e7d0,0x0000000795e80000)
 Metaspace       used 56812K, capacity 58120K, committed 58496K, reserved 1101824K
  class space    used 5876K, capacity 6266K, committed 6272K, reserved 1048576K
Event: 49.691 GC heap after
Heap after GC invocations=61 (full 6):
 PSYoungGen      total 224256K, used 15369K [0x00000007b0000000, 0x00000007bfe80000, 0x00000007c0000000)
  eden space 192512K, 0% used [0x00000007b0000000,0x00000007b0000000,0x00000007bbc00000)
  from space 31744K, 48% used [0x00000007bbc00000,0x00000007bcb024f0,0x00000007bdb00000)
  to   space 31232K, 0% used [0x00000007be000000,0x00000007be000000,0x00000007bfe80000)
 ParOldGen       total 96768K, used 78465K [0x0000000790000000, 0x0000000795e80000, 0x00000007b0000000)
  object space 96768K, 81% used [0x0000000790000000,0x0000000794ca07d0,0x0000000795e80000)
 Metaspace       used 56812K, capacity 58120K, committed 58496K, reserved 1101824K
  class space    used 5876K, capacity 6266K, committed 6272K, reserved 1048576K
}
Event: 51.027 GC heap before
{Heap before GC invocations=62 (full 6):
 PSYoungGen      total 224256K, used 207881K [0x00000007b0000000, 0x00000007bfe80000, 0x00000007c0000000)
  eden space 192512K, 100% used [0x00000007b0000000,0x00000007bbc00000,0x00000007bbc00000)
  from space 31744K, 48% used [0x00000007bbc00000,0x00000007bcb024f0,0x00000007bdb00000)
  to   space 31232K, 0% used [0x00000007be000000,0x00000007be000000,0x00000007bfe80000)
 ParOldGen       total 96768K, used 78465K [0x0000000790000000, 0x0000000795e80000, 0x00000007b0000000)
  object space 96768K, 81% used [0x0000000790000000,0x0000000794ca07d0,0x0000000795e80000)
 Metaspace       used 57854K, capacity 59180K, committed 59392K, reserved 1101824K
  class space    used 6006K, capacity 6400K, committed 6400K, reserved 1048576K
Event: 51.117 GC heap after
Heap after GC invocations=62 (full 6):
 PSYoungGen      total 228864K, used 17595K [0x00000007b0000000, 0x00000007c0000000, 0x00000007c0000000)
  eden space 197632K, 0% used [0x00000007b0000000,0x00000007b0000000,0x00000007bc100000)
  from space 31232K, 56% used [0x00000007be000000,0x00000007bf12eed0,0x00000007bfe80000)
  to   space 31744K, 0% used [0x00000007bc100000,0x00000007bc100000,0x00000007be000000)
 ParOldGen       total 96768K, used 78473K [0x0000000790000000, 0x0000000795e80000, 0x00000007b0000000)
  object space 96768K, 81% used [0x0000000790000000,0x0000000794ca27d0,0x0000000795e80000)
 Metaspace       used 57854K, capacity 59180K, committed 59392K, reserved 1101824K
  class space    used 6006K, capacity 6400K, committed 6400K, reserved 1048576K
}
Event: 52.329 GC heap before
{Heap before GC invocations=63 (full 6):
 PSYoungGen      total 228864K, used 215227K [0x00000007b0000000, 0x00000007c0000000, 0x00000007c0000000)
  eden space 197632K, 100% used [0x00000007b0000000,0x00000007bc100000,0x00000007bc100000)
  from space 31232K, 56% used [0x00000007be000000,0x00000007bf12eed0,0x00000007bfe80000)
  to   space 31744K, 0% used [0x00000007bc100000,0x00000007bc100000,0x00000007be000000)
 ParOldGen       total 96768K, used 78473K [0x0000000790000000, 0x0000000795e80000, 0x00000007b0000000)
  object space 96768K, 81% used [0x0000000790000000,0x0000000794ca27d0,0x0000000795e80000)
 Metaspace       used 58766K, capacity 60110K, committed 60544K, reserved 1103872K
  class space    used 6122K, capacity 6508K, committed 6528K, reserved 1048576K
Event: 52.384 GC heap after
Heap after GC invocations=63 (full 6):
 PSYoungGen      total 221184K, used 23481K [0x00000007b0000000, 0x00000007c0000000, 0x00000007c0000000)
  eden space 197632K, 0% used [0x00000007b0000000,0x00000007b0000000,0x00000007bc100000)
  from space 23552K, 99% used [0x00000007bc100000,0x00000007bd7ee540,0x00000007bd800000)
  to   space 34304K, 0% used [0x00000007bde80000,0x00000007bde80000,0x00000007c0000000)
 ParOldGen       total 96768K, used 78481K [0x0000000790000000, 0x0000000795e80000, 0x00000007b0000000)
  object space 96768K, 81% used [0x0000000790000000,0x0000000794ca47d0,0x0000000795e80000)
 Metaspace       used 58766K, capacity 60110K, committed 60544K, reserved 1103872K
  class space    used 6122K, capacity 6508K, committed 6528K, reserved 1048576K
}
Event: 53.887 GC heap before
{Heap before GC invocations=64 (full 6):
 PSYoungGen      total 221184K, used 221113K [0x00000007b0000000, 0x00000007c0000000, 0x00000007c0000000)
  eden space 197632K, 100% used [0x00000007b0000000,0x00000007bc100000,0x00000007bc100000)
  from space 23552K, 99% used [0x00000007bc100000,0x00000007bd7ee540,0x00000007bd800000)
  to   space 34304K, 0% used [0x00000007bde80000,0x00000007bde80000,0x00000007c0000000)
 ParOldGen       total 96768K, used 78481K [0x0000000790000000, 0x0000000795e80000, 0x00000007b0000000)
  object space 96768K, 81% used [0x0000000790000000,0x0000000794ca47d0,0x0000000795e80000)
 Metaspace       used 60360K, capacity 61716K, committed 62080K, reserved 1103872K
  class space    used 6268K, capacity 6678K, committed 6784K, reserved 1048576K
Event: 54.003 GC heap after
Heap after GC invocations=64 (full 6):
 PSYoungGen      total 217600K, used 32623K [0x00000007b0000000, 0x00000007c0000000, 0x00000007c0000000)
  eden space 183296K, 0% used [0x00000007b0000000,0x00000007b0000000,0x00000007bb300000)
  from space 34304K, 95% used [0x00000007bde80000,0x00000007bfe5bc80,0x00000007c0000000)
  to   space 39424K, 0% used [0x00000007bb300000,0x00000007bb300000,0x00000007bd980000)
 ParOldGen       total 96768K, used 78489K [0x0000000790000000, 0x0000000795e80000, 0x00000007b0000000)
  object space 96768K, 81% used [0x0000000790000000,0x0000000794ca67d0,0x0000000795e80000)
 Metaspace       used 60360K, capacity 61716K, committed 62080K, reserved 1103872K
  class space    used 6268K, capacity 6678K, committed 6784K, reserved 1048576K
}
Event: 55.797 GC heap before
{Heap before GC invocations=65 (full 6):
 PSYoungGen      total 217600K, used 215919K [0x00000007b0000000, 0x00000007c0000000, 0x00000007c0000000)
  eden space 183296K, 100% used [0x00000007b0000000,0x00000007bb300000,0x00000007bb300000)
  from space 34304K, 95% used [0x00000007bde80000,0x00000007bfe5bc80,0x00000007c0000000)
  to   space 39424K, 0% used [0x00000007bb300000,0x00000007bb300000,0x00000007bd980000)
 ParOldGen       total 96768K, used 78489K [0x0000000790000000, 0x0000000795e80000, 0x00000007b0000000)
  object space 96768K, 81% used [0x0000000790000000,0x0000000794ca67d0,0x0000000795e80000)
 Metaspace       used 62027K, capacity 63434K, committed 63872K, reserved 1105920K
  class space    used 6506K, capacity 6943K, committed 7040K, reserved 1048576K
Event: 55.883 GC heap after
Heap after GC invocations=65 (full 6):
 PSYoungGen      total 222720K, used 39422K [0x00000007b0000000, 0x00000007c0000000, 0x00000007c0000000)
  eden space 183296K, 0% used [0x00000007b0000000,0x00000007b0000000,0x00000007bb300000)
  from space 39424K, 99% used [0x00000007bb300000,0x00000007bd97f820,0x00000007bd980000)
  to   space 39424K, 0% used [0x00000007bd980000,0x00000007bd980000,0x00000007c0000000)
 ParOldGen       total 96768K, used 80937K [0x0000000790000000, 0x0000000795e80000, 0x00000007b0000000)
  object space 96768K, 83% used [0x0000000790000000,0x0000000794f0a5a8,0x0000000795e80000)
 Metaspace       used 62027K, capacity 63434K, committed 63872K, reserved 1105920K
  class space    used 6506K, capacity 6943K, committed 7040K, reserved 1048576K
}

